<?xml version="1.0" encoding="UTF-8"?>
<testng-results skipped="0" failed="0" total="1" passed="1">
  <reporter-output>
    <line>
      <![CDATA[Test Addemptest is PASS]]>
    </line>
  </reporter-output>
  <suite name="Default suite" duration-ms="74239" started-at="2019-06-15T13:27:36Z" finished-at="2019-06-15T13:28:51Z">
    <groups>
    </groups>
    <test name="Default test" duration-ms="74239" started-at="2019-06-15T13:27:36Z" finished-at="2019-06-15T13:28:51Z">
      <class name="Script.AddEmpTest">
        <test-method status="PASS" signature="OpenApp()[pri:0, instance:Script.AddEmpTest@18be83e4]" name="OpenApp" is-config="true" duration-ms="29115" started-at="2019-06-15T18:57:36Z" finished-at="2019-06-15T18:58:05Z">
          <reporter-output>
          </reporter-output>
        </test-method> <!-- OpenApp -->
        <test-method status="PASS" signature="Addemptest()[pri:0, instance:Script.AddEmpTest@18be83e4]" name="Addemptest" duration-ms="45056" started-at="2019-06-15T18:58:05Z" finished-at="2019-06-15T18:58:51Z">
          <reporter-output>
          </reporter-output>
        </test-method> <!-- Addemptest -->
        <test-method status="PASS" signature="CloseApp(org.testng.ITestResult)[pri:0, instance:Script.AddEmpTest@18be83e4]" name="CloseApp" is-config="true" duration-ms="5" started-at="2019-06-15T18:58:51Z" finished-at="2019-06-15T18:58:51Z">
          <params>
            <param index="0">
              <value>
                <![CDATA[[TestResult name=Addemptest status=SUCCESS method=AddEmpTest.Addemptest()[pri:0, instance:Script.AddEmpTest@18be83e4] output={null}]]]>
              </value>
            </param>
          </params>
          <reporter-output>
            <line>
              <![CDATA[Test Addemptest is PASS]]>
            </line>
          </reporter-output>
        </test-method> <!-- CloseApp -->
      </class> <!-- Script.AddEmpTest -->
    </test> <!-- Default test -->
  </suite> <!-- Default suite -->
</testng-results>
